<?xml version="1.0" encoding="UTF-8"?>
<testng-results ignored="0" total="1" passed="1" failed="0" skipped="0">
  <reporter-output>
  </reporter-output>
  <suite started-at="2024-08-13T13:08:17 IST" name="Default suite" finished-at="2024-08-13T13:08:19 IST" duration-ms="2355">
    <groups>
    </groups>
    <test started-at="2024-08-13T13:08:17 IST" name="Default test" finished-at="2024-08-13T13:08:19 IST" duration-ms="2355">
      <class name="RestTests.test_1">
        <test-method is-config="true" signature="methodURL()[pri:0, instance:RestTests.test_1@26d9b808]" started-at="2024-08-13T13:08:17 IST" name="methodURL" finished-at="2024-08-13T13:08:17 IST" duration-ms="445" status="PASS">
          <reporter-output>
          </reporter-output>
        </test-method> <!-- methodURL -->
        <test-method signature="newPOst()[pri:0, instance:RestTests.test_1@26d9b808]" started-at="2024-08-13T13:08:17 IST" name="newPOst" finished-at="2024-08-13T13:08:19 IST" duration-ms="1866" status="PASS">
          <reporter-output>
          </reporter-output>
        </test-method> <!-- newPOst -->
      </class> <!-- RestTests.test_1 -->
    </test> <!-- Default test -->
  </suite> <!-- Default suite -->
</testng-results>
